[Thu, 14 Apr 2016 04:20:29 +0000] [/wp-content/cache/minify/000000/09MvBgA.css] [http://www.bet-esport.com/] File path invalid: "./s.css"
[Thu, 14 Apr 2016 04:20:29 +0000] [/wp-content/cache/minify/000000/09MvBgA.css] [http://www.bet-esport.com/] Unable to fetch custom files list: "09MvBgA.css"
[Thu, 14 Apr 2016 04:20:29 +0000] [/wp-content/cache/minify/000000/09MvBgA.css] [http://www.bet-esport.com/] No sources to serve
[Thu, 14 Apr 2016 04:20:33 +0000] [/wp-content/cache/minify/000000/M9RPzs8rSUwu0U3LL8rVNdfPzEvOKU1JLdZPLi7WLy6pzEkt1tHTLwYA.css] [http://www.bet-esport.com/] File path invalid: "./s.css"
[Thu, 14 Apr 2016 04:20:33 +0000] [/wp-content/cache/minify/000000/yyrWzyosTS2q1EsqSkzOTi3Ry83M08kq1k9JTUsszSnRSS4u1i9KLU6FsIpLKnNSdfT0iwE.css] [http://www.bet-esport.com/side-iframe/] File path invalid: "./s.css"
[Thu, 14 Apr 2016 06:20:02 +0000] [/wp-content/cache/minify/000000/yyrWT8rPLykuKUos0MvNzNNLLi4GAA.js] [-] File "/home/rodrigo29335/public_html/js/bootstrap.min.css.js" doesn't exist
[Thu, 14 Apr 2016 06:20:02 +0000] [/wp-content/cache/minify/000000/yyrWT8rPLykuKUos0MvNzNNLLi4GAA.js] [-] No sources to serve
[Thu, 14 Apr 2016 06:36:03 +0000] [/wp-content/cache/minify/000000/yyrWT8rPLykuKUos0MvNzNNLLi4GAA.js] [http://www.bet-esport.com/na-championship-series-2016/] File "/home/rodrigo29335/public_html/js/bootstrap.min.css.js" doesn't exist
[Thu, 14 Apr 2016 06:36:03 +0000] [/wp-content/cache/minify/000000/yyrWT8rPLykuKUos0MvNzNNLLi4GAA.js] [http://www.bet-esport.com/na-championship-series-2016/] No sources to serve
[Thu, 14 Apr 2016 06:36:32 +0000] [/wp-content/cache/minify/000000/yyrWT8rPLykuKUos0MvNzNNLLi4GAA.js] [http://www.bet-esport.com/eu-championship-series-2016/] File "/home/rodrigo29335/public_html/js/bootstrap.min.css.js" doesn't exist
[Thu, 14 Apr 2016 06:36:32 +0000] [/wp-content/cache/minify/000000/yyrWT8rPLykuKUos0MvNzNNLLi4GAA.js] [http://www.bet-esport.com/eu-championship-series-2016/] No sources to serve
[Thu, 14 Apr 2016 06:36:45 +0000] [/wp-content/cache/minify/000000/yyrWT8rPLykuKUos0MvNzNNLLi4GAA.js] [http://www.bet-esport.com/champions-korea-2016/] File "/home/rodrigo29335/public_html/js/bootstrap.min.css.js" doesn't exist
[Thu, 14 Apr 2016 06:36:45 +0000] [/wp-content/cache/minify/000000/yyrWT8rPLykuKUos0MvNzNNLLi4GAA.js] [http://www.bet-esport.com/champions-korea-2016/] No sources to serve
[Thu, 14 Apr 2016 06:37:01 +0000] [/wp-content/cache/minify/000000/yyrWT8rPLykuKUos0MvNzNNLLi4GAA.js] [http://www.bet-esport.com/esl-one-2016/] File "/home/rodrigo29335/public_html/js/bootstrap.min.css.js" doesn't exist
[Thu, 14 Apr 2016 06:37:01 +0000] [/wp-content/cache/minify/000000/yyrWT8rPLykuKUos0MvNzNNLLi4GAA.js] [http://www.bet-esport.com/esl-one-2016/] No sources to serve
[Thu, 14 Apr 2016 06:37:13 +0000] [/wp-content/cache/minify/000000/yyrWT8rPLykuKUos0MvNzNNLLi4GAA.js] [http://www.bet-esport.com/master-series-2016/] File "/home/rodrigo29335/public_html/js/bootstrap.min.css.js" doesn't exist
[Thu, 14 Apr 2016 06:37:13 +0000] [/wp-content/cache/minify/000000/yyrWT8rPLykuKUos0MvNzNNLLi4GAA.js] [http://www.bet-esport.com/master-series-2016/] No sources to serve
[Thu, 14 Apr 2016 09:20:20 +0000] [/wp-content/cache/minify/000000/yyrWT8rPLykuKUos0MvNzNNLLi4GAA.js] [http://www.bet-esport.com/na-esl-pro-league-2016/] File "/home/rodrigo29335/public_html/js/bootstrap.min.css.js" doesn't exist
[Thu, 14 Apr 2016 09:20:20 +0000] [/wp-content/cache/minify/000000/yyrWT8rPLykuKUos0MvNzNNLLi4GAA.js] [http://www.bet-esport.com/na-esl-pro-league-2016/] No sources to serve
[Thu, 21 Apr 2016 20:52:57 +0000] [/wp-content/cache/minify/000000/yyrWT8rPLykuKUos0MvNzNNLLi4GAA.js] [-] File "/home/rodrigo29335/public_html/js/bootstrap.min.css.js" doesn't exist
[Thu, 21 Apr 2016 20:52:58 +0000] [/wp-content/cache/minify/000000/yyrWT8rPLykuKUos0MvNzNNLLi4GAA.js] [-] No sources to serve
