
[22-Jan-2018 12:03:17]  [pool samjhdkbdr] pid 3822
script_filename = /home/123828.cloudwaysapps.com/samjhdkbdr/public_html/wp-cron.php
[0x00007f0ca5615440] curl_exec() /home/123828.cloudwaysapps.com/samjhdkbdr/public_html/wp-includes/Requests/Transport/cURL.php:162
[0x00007f0ca5615370] request() /home/123828.cloudwaysapps.com/samjhdkbdr/public_html/wp-includes/class-requests.php:379
[0x00007f0ca5615260] request() /home/123828.cloudwaysapps.com/samjhdkbdr/public_html/wp-includes/class-http.php:370
[0x00007f0ca56150c0] request() /home/123828.cloudwaysapps.com/samjhdkbdr/public_html/wp-includes/http.php:153
[0x00007f0ca5615010] wp_remote_request() /home/123828.cloudwaysapps.com/samjhdkbdr/public_html/wp-content/plugins/jetpack/class.jetpack-client.php:194
[0x00007f0ca5614f30] _wp_remote_request() /home/123828.cloudwaysapps.com/samjhdkbdr/public_html/wp-content/plugins/jetpack/class.jetpack-client.php:150
[0x00007f0ca5614ce0] remote_request() /home/123828.cloudwaysapps.com/samjhdkbdr/public_html/wp-content/plugins/jetpack/class.jetpack-ixr-client.php:36
[0x00007f0ca5614bd0] query() /home/123828.cloudwaysapps.com/samjhdkbdr/public_html/wp-content/plugins/jetpack/sync/class.jetpack-sync-actions.php:157
[0x00007f0ca5614a10] send_data() /home/123828.cloudwaysapps.com/samjhdkbdr/public_html/wp-includes/class-wp-hook.php:286
[0x00007f0ca5614920] apply_filters() /home/123828.cloudwaysapps.com/samjhdkbdr/public_html/wp-includes/plugin.php:203
[0x00007f0ca56147f0] apply_filters() /home/123828.cloudwaysapps.com/samjhdkbdr/public_html/wp-content/plugins/jetpack/sync/class.jetpack-sync-sender.php:211
[0x00007f0ca5614690] do_sync_for_queue() /home/123828.cloudwaysapps.com/samjhdkbdr/public_html/wp-content/plugins/jetpack/sync/class.jetpack-sync-sender.php:101
[0x00007f0ca56145c0] do_sync_and_set_delays() /home/123828.cloudwaysapps.com/samjhdkbdr/public_html/wp-content/plugins/jetpack/sync/class.jetpack-sync-sender.php:83
[0x00007f0ca5614550] do_sync() /home/123828.cloudwaysapps.com/samjhdkbdr/public_html/wp-content/plugins/jetpack/sync/class.jetpack-sync-actions.php:278
[0x00007f0ca5614460] do_cron_sync_by_type() /home/123828.cloudwaysapps.com/samjhdkbdr/public_html/wp-content/plugins/jetpack/sync/class.jetpack-sync-actions.php:242
[0x00007f0ca56143f0] do_cron_sync() /home/123828.cloudwaysapps.com/samjhdkbdr/public_html/wp-includes/class-wp-hook.php:286
[0x00007f0ca5614300] apply_filters() /home/123828.cloudwaysapps.com/samjhdkbdr/public_html/wp-includes/class-wp-hook.php:310
[0x00007f0ca5614280] do_action() /home/123828.cloudwaysapps.com/samjhdkbdr/public_html/wp-includes/plugin.php:515
[0x00007f0ca56141a0] do_action_ref_array() /home/123828.cloudwaysapps.com/samjhdkbdr/public_html/wp-cron.php:126

[22-Jan-2018 12:25:07]  [pool samjhdkbdr] pid 4405
script_filename = /home/123828.cloudwaysapps.com/samjhdkbdr/public_html/wp-cron.php
[0x00007f0ca5615440] curl_exec() /home/123828.cloudwaysapps.com/samjhdkbdr/public_html/wp-includes/Requests/Transport/cURL.php:162
[0x00007f0ca5615370] request() /home/123828.cloudwaysapps.com/samjhdkbdr/public_html/wp-includes/class-requests.php:379
[0x00007f0ca5615260] request() /home/123828.cloudwaysapps.com/samjhdkbdr/public_html/wp-includes/class-http.php:370
[0x00007f0ca56150c0] request() /home/123828.cloudwaysapps.com/samjhdkbdr/public_html/wp-includes/http.php:153
[0x00007f0ca5615010] wp_remote_request() /home/123828.cloudwaysapps.com/samjhdkbdr/public_html/wp-content/plugins/jetpack/class.jetpack-client.php:194
[0x00007f0ca5614f30] _wp_remote_request() /home/123828.cloudwaysapps.com/samjhdkbdr/public_html/wp-content/plugins/jetpack/class.jetpack-client.php:150
[0x00007f0ca5614ce0] remote_request() /home/123828.cloudwaysapps.com/samjhdkbdr/public_html/wp-content/plugins/jetpack/class.jetpack-ixr-client.php:36
[0x00007f0ca5614bd0] query() /home/123828.cloudwaysapps.com/samjhdkbdr/public_html/wp-content/plugins/jetpack/sync/class.jetpack-sync-actions.php:157
[0x00007f0ca5614a10] send_data() /home/123828.cloudwaysapps.com/samjhdkbdr/public_html/wp-includes/class-wp-hook.php:286
[0x00007f0ca5614920] apply_filters() /home/123828.cloudwaysapps.com/samjhdkbdr/public_html/wp-includes/plugin.php:203
[0x00007f0ca56147f0] apply_filters() /home/123828.cloudwaysapps.com/samjhdkbdr/public_html/wp-content/plugins/jetpack/sync/class.jetpack-sync-sender.php:211
[0x00007f0ca5614690] do_sync_for_queue() /home/123828.cloudwaysapps.com/samjhdkbdr/public_html/wp-content/plugins/jetpack/sync/class.jetpack-sync-sender.php:101
[0x00007f0ca56145c0] do_sync_and_set_delays() /home/123828.cloudwaysapps.com/samjhdkbdr/public_html/wp-content/plugins/jetpack/sync/class.jetpack-sync-sender.php:83
[0x00007f0ca5614550] do_sync() /home/123828.cloudwaysapps.com/samjhdkbdr/public_html/wp-content/plugins/jetpack/sync/class.jetpack-sync-actions.php:278
[0x00007f0ca5614460] do_cron_sync_by_type() /home/123828.cloudwaysapps.com/samjhdkbdr/public_html/wp-content/plugins/jetpack/sync/class.jetpack-sync-actions.php:242
[0x00007f0ca56143f0] do_cron_sync() /home/123828.cloudwaysapps.com/samjhdkbdr/public_html/wp-includes/class-wp-hook.php:286
[0x00007f0ca5614300] apply_filters() /home/123828.cloudwaysapps.com/samjhdkbdr/public_html/wp-includes/class-wp-hook.php:310
[0x00007f0ca5614280] do_action() /home/123828.cloudwaysapps.com/samjhdkbdr/public_html/wp-includes/plugin.php:515
[0x00007f0ca56141a0] do_action_ref_array() /home/123828.cloudwaysapps.com/samjhdkbdr/public_html/wp-cron.php:126

[22-Jan-2018 12:26:22]  [pool samjhdkbdr] pid 4455
script_filename = /home/123828.cloudwaysapps.com/samjhdkbdr/public_html/wp-cron.php
[0x00007f0ca5615440] curl_exec() /home/123828.cloudwaysapps.com/samjhdkbdr/public_html/wp-includes/Requests/Transport/cURL.php:162
[0x00007f0ca5615370] request() /home/123828.cloudwaysapps.com/samjhdkbdr/public_html/wp-includes/class-requests.php:379
[0x00007f0ca5615260] request() /home/123828.cloudwaysapps.com/samjhdkbdr/public_html/wp-includes/class-http.php:370
[0x00007f0ca56150c0] request() /home/123828.cloudwaysapps.com/samjhdkbdr/public_html/wp-includes/http.php:153
[0x00007f0ca5615010] wp_remote_request() /home/123828.cloudwaysapps.com/samjhdkbdr/public_html/wp-content/plugins/jetpack/class.jetpack-client.php:194
[0x00007f0ca5614f30] _wp_remote_request() /home/123828.cloudwaysapps.com/samjhdkbdr/public_html/wp-content/plugins/jetpack/class.jetpack-client.php:150
[0x00007f0ca5614ce0] remote_request() /home/123828.cloudwaysapps.com/samjhdkbdr/public_html/wp-content/plugins/jetpack/class.jetpack-ixr-client.php:36
[0x00007f0ca5614bd0] query() /home/123828.cloudwaysapps.com/samjhdkbdr/public_html/wp-content/plugins/jetpack/sync/class.jetpack-sync-actions.php:157
[0x00007f0ca5614a10] send_data() /home/123828.cloudwaysapps.com/samjhdkbdr/public_html/wp-includes/class-wp-hook.php:286
[0x00007f0ca5614920] apply_filters() /home/123828.cloudwaysapps.com/samjhdkbdr/public_html/wp-includes/plugin.php:203
[0x00007f0ca56147f0] apply_filters() /home/123828.cloudwaysapps.com/samjhdkbdr/public_html/wp-content/plugins/jetpack/sync/class.jetpack-sync-sender.php:211
[0x00007f0ca5614690] do_sync_for_queue() /home/123828.cloudwaysapps.com/samjhdkbdr/public_html/wp-content/plugins/jetpack/sync/class.jetpack-sync-sender.php:101
[0x00007f0ca56145c0] do_sync_and_set_delays() /home/123828.cloudwaysapps.com/samjhdkbdr/public_html/wp-content/plugins/jetpack/sync/class.jetpack-sync-sender.php:83
[0x00007f0ca5614550] do_sync() /home/123828.cloudwaysapps.com/samjhdkbdr/public_html/wp-content/plugins/jetpack/sync/class.jetpack-sync-actions.php:278
[0x00007f0ca5614460] do_cron_sync_by_type() /home/123828.cloudwaysapps.com/samjhdkbdr/public_html/wp-content/plugins/jetpack/sync/class.jetpack-sync-actions.php:242
[0x00007f0ca56143f0] do_cron_sync() /home/123828.cloudwaysapps.com/samjhdkbdr/public_html/wp-includes/class-wp-hook.php:286
[0x00007f0ca5614300] apply_filters() /home/123828.cloudwaysapps.com/samjhdkbdr/public_html/wp-includes/class-wp-hook.php:310
[0x00007f0ca5614280] do_action() /home/123828.cloudwaysapps.com/samjhdkbdr/public_html/wp-includes/plugin.php:515
[0x00007f0ca56141a0] do_action_ref_array() /home/123828.cloudwaysapps.com/samjhdkbdr/public_html/wp-cron.php:126
